c:\users\alex\documents\visual studio 2015\projects\modern_opengl_tutorials\tutorial37\x64\debug\vc140.pdb
c:\users\alex\documents\visual studio 2015\projects\modern_opengl_tutorials\tutorial37\x64\debug\vc140.idb
c:\users\alex\documents\visual studio 2015\projects\modern_opengl_tutorials\tutorial37\x64\debug\camera.obj
c:\users\alex\documents\visual studio 2015\projects\modern_opengl_tutorials\tutorial37\x64\debug\cubemap_texture.obj
c:\users\alex\documents\visual studio 2015\projects\modern_opengl_tutorials\tutorial37\x64\debug\glut_backend.obj
c:\users\alex\documents\visual studio 2015\projects\modern_opengl_tutorials\tutorial37\x64\debug\math_3d.obj
c:\users\alex\documents\visual studio 2015\projects\modern_opengl_tutorials\tutorial37\x64\debug\ogldev_app.obj
c:\users\alex\documents\visual studio 2015\projects\modern_opengl_tutorials\tutorial37\x64\debug\ogldev_atb.obj
c:\users\alex\documents\visual studio 2015\projects\modern_opengl_tutorials\tutorial37\x64\debug\ogldev_basic_lighting.obj
c:\users\alex\documents\visual studio 2015\projects\modern_opengl_tutorials\tutorial37\x64\debug\ogldev_basic_mesh.obj
c:\users\alex\documents\visual studio 2015\projects\modern_opengl_tutorials\tutorial37\x64\debug\ogldev_shadow_map_fbo.obj
c:\users\alex\documents\visual studio 2015\projects\modern_opengl_tutorials\tutorial37\x64\debug\ogldev_texture.obj
c:\users\alex\documents\visual studio 2015\projects\modern_opengl_tutorials\tutorial37\x64\debug\ogldev_util.obj
c:\users\alex\documents\visual studio 2015\projects\modern_opengl_tutorials\tutorial37\x64\debug\pipeline.obj
c:\users\alex\documents\visual studio 2015\projects\modern_opengl_tutorials\tutorial37\x64\debug\technique.obj
c:\users\alex\documents\visual studio 2015\projects\modern_opengl_tutorials\tutorial37\x64\debug\ds_dir_light_pass_tech.obj
c:\users\alex\documents\visual studio 2015\projects\modern_opengl_tutorials\tutorial37\x64\debug\ds_geom_pass_tech.obj
c:\users\alex\documents\visual studio 2015\projects\modern_opengl_tutorials\tutorial37\x64\debug\ds_light_pass_tech.obj
c:\users\alex\documents\visual studio 2015\projects\modern_opengl_tutorials\tutorial37\x64\debug\ds_point_light_pass_tech.obj
c:\users\alex\documents\visual studio 2015\projects\modern_opengl_tutorials\tutorial37\x64\debug\gbuffer.obj
c:\users\alex\documents\visual studio 2015\projects\modern_opengl_tutorials\tutorial37\x64\debug\null_technique.obj
c:\users\alex\documents\visual studio 2015\projects\modern_opengl_tutorials\tutorial37\x64\debug\tutorial37.obj
c:\users\alex\documents\visual studio 2015\projects\modern_opengl_tutorials\x64\debug\tutorial37.ilk
c:\users\alex\documents\visual studio 2015\projects\modern_opengl_tutorials\x64\debug\tutorial37.exe
c:\users\alex\documents\visual studio 2015\projects\modern_opengl_tutorials\x64\debug\tutorial37.pdb
c:\users\alex\documents\visual studio 2015\projects\modern_opengl_tutorials\tutorial37\x64\debug\tutorial37.tlog\cl.command.1.tlog
c:\users\alex\documents\visual studio 2015\projects\modern_opengl_tutorials\tutorial37\x64\debug\tutorial37.tlog\cl.read.1.tlog
c:\users\alex\documents\visual studio 2015\projects\modern_opengl_tutorials\tutorial37\x64\debug\tutorial37.tlog\cl.write.1.tlog
c:\users\alex\documents\visual studio 2015\projects\modern_opengl_tutorials\tutorial37\x64\debug\tutorial37.tlog\link.command.1.tlog
c:\users\alex\documents\visual studio 2015\projects\modern_opengl_tutorials\tutorial37\x64\debug\tutorial37.tlog\link.read.1.tlog
c:\users\alex\documents\visual studio 2015\projects\modern_opengl_tutorials\tutorial37\x64\debug\tutorial37.tlog\link.write.1.tlog
